2024.04.26
1.由于系统集成了热榜功能,本主题的热榜配置将废弃,请前往后台扩展功能>热点新闻配置开启
2.修复过渡页未支持系统导航菜单等问题
3.修复站内搜索又把虚拟分类下的链接搜出来

2024.04.09
1.支持新版本特性
2.改进源代码写法,减少代码量提高效率
3.优化分类页面
4.优化主题配置页面,使用更方便
5.移除和风天气(官方公告5月1号停止服务)
6.查看全部的链接改为当前窗口打开

2024.03.17
1.调整站内搜索结果显示位置到今日热榜上方,从而避免小屏用户看不到搜索结果的问题

2024.03.16
1.搜索框支持键盘上下键选择热词
2.文章封面背景色改为白色

2024.03.14
1.禁止热榜在分类页面显示
2.修复关闭聚合搜索时顶部链接条看不清
3.主题配置新增加载动画开关
4.主题配置新增文章分类(输入文章分类的ID多个用英文状态的,间隔)

2024.03.10
1.站内搜索过滤掉最新网站和热门网址
2.新增LyToday-JS今日数据、热搜榜插件

2024.01.17
1.自定义分类图标时过渡页未正确显示自定义图标
2.修复未设置logo时过渡页未显示默认logo
3.调整过渡页左侧分类栏如果存在二级分类时主分类点击阻止跳转
4.修复过渡页手机端顶部logo不受配置管理

2023.12.25
1.主题配置支持新版本系统的图片上传
2.新增QQ互联选项,仅高级版支持

2023.12.20
1.修复夜间模式搜索热词时点击空白处没有取消热词选择框的问题

2023.11.27
1.修复处于站内搜索时点击搜索图标会打开网页的问题
2.添加站内标题自定义
3.添加广告/公告自定义

2023.11.08
1.变更配置选项站内搜索开启时表示允许在搜索框输入关键字实时搜索站内书签,关闭时可以切换到常用>站内输入内容回车搜索站内书签
2.搜索热词功能在搜索框按Esc可以退出显示的热词

2023.11.05
1.搜索栏新增本地搜索选项,用于同时开启站内搜索和搜索热词时遮挡问题
2.切换搜索引擎时自动清空站内搜索

2023.10.30
1.修复过渡页Logo设置不生效/字体大小设置不生效

2023.10.19
1.修复顶部管理入口未遵循系统设置
2.调整滚动条样式和tab二级标签滚动条多大的问题

2023.09.28
1.兼容2.1
2.美化滚动条
3.合并过渡页

2023.08.28
1.修复:关闭悬停提示时输出了多余的数据
2.修复:右键对文章链接编辑时提示404的问题(应提示不支持操作的类型)
3.修复:右键对文章链接删除时提示找不到链接ID(应提示不支持操作的类型)
4.修复:对最新.热门虚拟分类拖拽排序时应提示不支持

2023.08.15
1.新增:夜间背景图
2.增加:炫彩横幅,共有17个样式,支持随机选择

2023.08.10
1.修复:关闭排序时控制台有报错
2.修复:自定义代码未遵循权限管理
3.修复:开启懒加载时站内搜索可能不加载图标的问题
4.新增:站内搜索支持右键菜单 (注:因未解决悬停提示错误的问题,暂时屏蔽掉了悬停提示)
5.新增:支持悬停时显示t图片,参照帮助说明
